<?xml version="1.0" encoding="UTF-8"?>
<testsuite xmlns:xsi="http://www.w3.org/2001/XMLSchema-instance" xsi:noNamespaceSchemaLocation="https://maven.apache.org/surefire/maven-surefire-plugin/xsd/surefire-test-report-3.0.xsd" version="3.0" name="br.com.emergency.controller.CommunityCenterControllerTest" time="2.59" tests="4" errors="0" skipped="0" failures="0">
  <properties>
[...]
</properties>
  <testcase name="testUpdateAll_NotFound" classname="br.com.emergency.controller.CommunityCenterControllerTest" time="0.186">
    <system-out><![CDATA[22:13:17.513 [main] INFO org.springframework.test.context.support.AnnotationConfigContextLoaderUtils -- Could not detect default configuration classes for test class [br.com.emergency.controller.CommunityCenterControllerTest]: CommunityCenterControllerTest does not declare any static, non-private, non-final, nested classes annotated with @Configuration.
22:13:17.659 [main] INFO org.springframework.boot.test.context.SpringBootTestContextBootstrapper -- Found @SpringBootConfiguration br.com.emergency.EmergencyCentersApiApplication for test class br.com.emergency.controller.CommunityCenterControllerTest
  .   ____          _            __ _ _
 /\\ / ___'_ __ _ _(_)_ __  __ _ \ \ \ \
( ( )\___ | '_ | '_| | '_ \/ _` | \ \ \ \
 \\/  ___)| |_)| | | | | || (_| |  ) ) ) )
  '  |____| .__|_| |_|_| |_\__, | / / / /
 =========|_|==============|___/=/_/_/_/

 :: Spring Boot ::                (v3.3.0)

2025-07-15T22:13:17.982-03:00  INFO 6552 --- [           main] b.c.e.c.CommunityCenterControllerTest    : Starting CommunityCenterControllerTest using Java 17.0.12 with PID 6552 (started by diego in C:\Users\diego\Documents\helpCenter)
2025-07-15T22:13:17.983-03:00  INFO 6552 --- [           main] b.c.e.c.CommunityCenterControllerTest    : No active profile set, falling back to 1 default profile: "default"
2025-07-15T22:13:19.685-03:00  INFO 6552 --- [           main] o.s.b.t.m.w.SpringBootMockServletContext : Initializing Spring TestDispatcherServlet ''
2025-07-15T22:13:19.685-03:00  INFO 6552 --- [           main] o.s.t.web.servlet.TestDispatcherServlet  : Initializing Servlet ''
2025-07-15T22:13:19.687-03:00  INFO 6552 --- [           main] o.s.t.web.servlet.TestDispatcherServlet  : Completed initialization in 0 ms
2025-07-15T22:13:19.706-03:00  INFO 6552 --- [           main] b.c.e.c.CommunityCenterControllerTest    : Started CommunityCenterControllerTest in 1.983 seconds (process running for 2.769)
]]></system-out>
  </testcase>
  <testcase name="testDelete_Success" classname="br.com.emergency.controller.CommunityCenterControllerTest" time="0.006"/>
  <testcase name="testUpdateAll_Success" classname="br.com.emergency.controller.CommunityCenterControllerTest" time="0.042"/>
  <testcase name="testDelete_NotFound" classname="br.com.emergency.controller.CommunityCenterControllerTest" time="0.005"/>
</testsuite>